2025-01-09 22:44:12 - Starting Application using Java 21.0.5 with PID 2234796 (/home/hoang/oop_java/demo-shopping-application/target/classes started by hoang in /home/hoang/oop_java/demo-shopping-application)
2025-01-09 22:44:12 - No active profile set, falling back to 1 default profile: "default"
2025-01-09 22:44:12 - Bootstrapping Spring Data JPA repositories in DEFAULT mode.
2025-01-09 22:44:12 - Finished Spring Data repository scanning in 11 ms. Found 7 JPA repository interfaces.
2025-01-09 22:44:12 - Tomcat initialized with port 8080 (http)
2025-01-09 22:44:12 - Starting service [Tomcat]
2025-01-09 22:44:12 - Starting Servlet engine: [Apache Tomcat/10.1.34]
2025-01-09 22:44:12 - Initializing Spring embedded WebApplicationContext
2025-01-09 22:44:12 - Root WebApplicationContext: initialization completed in 134 ms
2025-01-09 22:44:12 - HHH000204: Processing PersistenceUnitInfo [name: default]
2025-01-09 22:44:12 - HHH000026: Second-level cache disabled
2025-01-09 22:44:12 - No LoadTimeWeaver setup: ignoring JPA class transformer
2025-01-09 22:44:12 - HikariPool-19 - Starting...
2025-01-09 22:44:12 - HikariPool-19 - Added connection com.mysql.cj.jdbc.ConnectionImpl@6c811fb4
2025-01-09 22:44:12 - HikariPool-19 - Start completed.
2025-01-09 22:44:12 - HHH10001005: Database info:
	Database JDBC URL [Connecting through datasource 'HikariDataSource (HikariPool-19)']
	Database driver: undefined/unknown
	Database version: 8.0.40
	Autocommit mode: undefined/unknown
	Isolation level: undefined/unknown
	Minimum pool size: undefined/unknown
	Maximum pool size: undefined/unknown
2025-01-09 22:44:12 - HHH000489: No JTA platform available (set 'hibernate.transaction.jta.platform' to enable JTA platform integration)
2025-01-09 22:44:12 - Initialized JPA EntityManagerFactory for persistence unit 'default'
2025-01-09 22:44:13 - Adding welcome page: class path resource [static/index.html]
2025-01-09 22:44:13 - LiveReload server is running on port 35729
2025-01-09 22:44:13 - Tomcat started on port 8080 (http) with context path '/'
2025-01-09 22:44:13 - Started Application in 0.496 seconds (process running for 3578.693)
2025-01-09 22:44:13 - Condition evaluation unchanged
2025-01-09 22:44:25 - Restarting due to 1 class path change (0 additions, 0 deletions, 1 modification)
2025-01-09 22:44:25 - Commencing graceful shutdown. Waiting for active requests to complete
2025-01-09 22:44:25 - Graceful shutdown complete
2025-01-09 22:44:25 - Closing JPA EntityManagerFactory for persistence unit 'default'
2025-01-09 22:44:25 - HikariPool-19 - Shutdown initiated...
2025-01-09 22:44:25 - HikariPool-19 - Shutdown completed.
2025-01-09 22:44:25 - Starting Application using Java 21.0.5 with PID 2234796 (/home/hoang/oop_java/demo-shopping-application/target/classes started by hoang in /home/hoang/oop_java/demo-shopping-application)
2025-01-09 22:44:25 - No active profile set, falling back to 1 default profile: "default"
2025-01-09 22:44:25 - Bootstrapping Spring Data JPA repositories in DEFAULT mode.
2025-01-09 22:44:25 - Finished Spring Data repository scanning in 8 ms. Found 7 JPA repository interfaces.
2025-01-09 22:44:25 - Tomcat initialized with port 8080 (http)
2025-01-09 22:44:25 - Starting service [Tomcat]
2025-01-09 22:44:25 - Starting Servlet engine: [Apache Tomcat/10.1.34]
2025-01-09 22:44:25 - Initializing Spring embedded WebApplicationContext
2025-01-09 22:44:25 - Root WebApplicationContext: initialization completed in 132 ms
2025-01-09 22:44:25 - HHH000204: Processing PersistenceUnitInfo [name: default]
2025-01-09 22:44:25 - HHH000026: Second-level cache disabled
2025-01-09 22:44:25 - No LoadTimeWeaver setup: ignoring JPA class transformer
2025-01-09 22:44:25 - HikariPool-20 - Starting...
2025-01-09 22:44:25 - HikariPool-20 - Added connection com.mysql.cj.jdbc.ConnectionImpl@69602a4d
2025-01-09 22:44:25 - HikariPool-20 - Start completed.
2025-01-09 22:44:25 - HHH10001005: Database info:
	Database JDBC URL [Connecting through datasource 'HikariDataSource (HikariPool-20)']
	Database driver: undefined/unknown
	Database version: 8.0.40
	Autocommit mode: undefined/unknown
	Isolation level: undefined/unknown
	Minimum pool size: undefined/unknown
	Maximum pool size: undefined/unknown
2025-01-09 22:44:25 - HHH000489: No JTA platform available (set 'hibernate.transaction.jta.platform' to enable JTA platform integration)
2025-01-09 22:44:25 - Initialized JPA EntityManagerFactory for persistence unit 'default'
2025-01-09 22:44:25 - Adding welcome page: class path resource [static/index.html]
2025-01-09 22:44:25 - LiveReload server is running on port 35729
2025-01-09 22:44:25 - Tomcat started on port 8080 (http) with context path '/'
2025-01-09 22:44:26 - Started Application in 0.436 seconds (process running for 3591.628)
2025-01-09 22:44:26 - Condition evaluation unchanged
2025-01-09 22:44:38 - Restarting due to 1 class path change (0 additions, 0 deletions, 1 modification)
2025-01-09 22:44:38 - Commencing graceful shutdown. Waiting for active requests to complete
2025-01-09 22:44:38 - Graceful shutdown complete
2025-01-09 22:44:38 - Closing JPA EntityManagerFactory for persistence unit 'default'
2025-01-09 22:44:38 - HikariPool-20 - Shutdown initiated...
2025-01-09 22:44:38 - HikariPool-20 - Shutdown completed.
2025-01-09 22:44:38 - Starting the application...
2025-01-09 22:44:38 - Starting Application using Java 21.0.5 with PID 2234796 (/home/hoang/oop_java/demo-shopping-application/target/classes started by hoang in /home/hoang/oop_java/demo-shopping-application)
2025-01-09 22:44:38 - No active profile set, falling back to 1 default profile: "default"
2025-01-09 22:44:38 - Bootstrapping Spring Data JPA repositories in DEFAULT mode.
2025-01-09 22:44:38 - Finished Spring Data repository scanning in 10 ms. Found 7 JPA repository interfaces.
2025-01-09 22:44:38 - Tomcat initialized with port 8080 (http)
2025-01-09 22:44:38 - Starting service [Tomcat]
2025-01-09 22:44:38 - Starting Servlet engine: [Apache Tomcat/10.1.34]
2025-01-09 22:44:38 - Initializing Spring embedded WebApplicationContext
2025-01-09 22:44:38 - Root WebApplicationContext: initialization completed in 144 ms
2025-01-09 22:44:38 - HHH000204: Processing PersistenceUnitInfo [name: default]
2025-01-09 22:44:38 - HHH000026: Second-level cache disabled
2025-01-09 22:44:38 - No LoadTimeWeaver setup: ignoring JPA class transformer
2025-01-09 22:44:38 - HikariPool-21 - Starting...
2025-01-09 22:44:38 - HikariPool-21 - Added connection com.mysql.cj.jdbc.ConnectionImpl@8070c93
2025-01-09 22:44:38 - HikariPool-21 - Start completed.
2025-01-09 22:44:38 - HHH10001005: Database info:
	Database JDBC URL [Connecting through datasource 'HikariDataSource (HikariPool-21)']
	Database driver: undefined/unknown
	Database version: 8.0.40
	Autocommit mode: undefined/unknown
	Isolation level: undefined/unknown
	Minimum pool size: undefined/unknown
	Maximum pool size: undefined/unknown
2025-01-09 22:44:38 - HHH000489: No JTA platform available (set 'hibernate.transaction.jta.platform' to enable JTA platform integration)
2025-01-09 22:44:38 - Initialized JPA EntityManagerFactory for persistence unit 'default'
2025-01-09 22:44:38 - Adding welcome page: class path resource [static/index.html]
2025-01-09 22:44:38 - LiveReload server is running on port 35729
2025-01-09 22:44:38 - Tomcat started on port 8080 (http) with context path '/'
2025-01-09 22:44:38 - Started Application in 0.417 seconds (process running for 3604.539)
2025-01-09 22:44:38 - Condition evaluation unchanged
2025-01-09 22:44:38 - Application started successfully.
2025-01-09 22:44:47 - Commencing graceful shutdown. Waiting for active requests to complete
2025-01-09 22:44:47 - Graceful shutdown complete
2025-01-09 22:44:47 - Closing JPA EntityManagerFactory for persistence unit 'default'
2025-01-09 22:44:47 - HikariPool-21 - Shutdown initiated...
2025-01-09 22:44:47 - HikariPool-21 - Shutdown completed.
2025-01-09 22:44:50 - Starting Application using Java 21.0.5 with PID 2287210 (/home/hoang/oop_java/demo-shopping-application/target/classes started by hoang in /home/hoang/oop_java/demo-shopping-application)
2025-01-09 22:44:50 - No active profile set, falling back to 1 default profile: "default"
2025-01-09 22:44:50 - Devtools property defaults active! Set 'spring.devtools.add-properties' to 'false' to disable
2025-01-09 22:44:50 - For additional web related logging consider setting the 'logging.level.web' property to 'DEBUG'
2025-01-09 22:44:51 - Bootstrapping Spring Data JPA repositories in DEFAULT mode.
2025-01-09 22:44:51 - Finished Spring Data repository scanning in 59 ms. Found 7 JPA repository interfaces.
2025-01-09 22:44:52 - Tomcat initialized with port 8080 (http)
2025-01-09 22:44:52 - Initializing ProtocolHandler ["http-nio-8080"]
2025-01-09 22:44:52 - Starting service [Tomcat]
2025-01-09 22:44:52 - Starting Servlet engine: [Apache Tomcat/10.1.34]
2025-01-09 22:44:52 - Initializing Spring embedded WebApplicationContext
2025-01-09 22:44:52 - Root WebApplicationContext: initialization completed in 1353 ms
2025-01-09 22:44:52 - HHH000204: Processing PersistenceUnitInfo [name: default]
2025-01-09 22:44:52 - HHH000412: Hibernate ORM core version 6.6.4.Final
2025-01-09 22:44:52 - HHH000026: Second-level cache disabled
2025-01-09 22:44:52 - No LoadTimeWeaver setup: ignoring JPA class transformer
2025-01-09 22:44:52 - HikariPool-1 - Starting...
2025-01-09 22:44:53 - HikariPool-1 - Added connection com.mysql.cj.jdbc.ConnectionImpl@54bc1123
2025-01-09 22:44:53 - HikariPool-1 - Start completed.
2025-01-09 22:44:53 - HHH10001005: Database info:
	Database JDBC URL [Connecting through datasource 'HikariDataSource (HikariPool-1)']
	Database driver: undefined/unknown
	Database version: 8.0.40
	Autocommit mode: undefined/unknown
	Isolation level: undefined/unknown
	Minimum pool size: undefined/unknown
	Maximum pool size: undefined/unknown
2025-01-09 22:44:53 - HHH000489: No JTA platform available (set 'hibernate.transaction.jta.platform' to enable JTA platform integration)
2025-01-09 22:44:53 - Initialized JPA EntityManagerFactory for persistence unit 'default'
2025-01-09 22:44:54 - Adding welcome page: class path resource [static/index.html]
2025-01-09 22:44:54 - LiveReload server is running on port 35729
2025-01-09 22:44:54 - Starting ProtocolHandler ["http-nio-8080"]
2025-01-09 22:44:54 - Tomcat started on port 8080 (http) with context path '/'
2025-01-09 22:44:54 - Started Application in 4.297 seconds (process running for 4.646)
2025-01-09 22:44:54 - Application started successfully.
2025-01-09 22:45:08 - Initializing Spring DispatcherServlet 'dispatcherServlet'
2025-01-09 22:45:08 - Initializing Servlet 'dispatcherServlet'
2025-01-09 22:45:08 - Completed initialization in 1 ms
2025-01-09 22:51:07 - Restarting due to 1 class path change (0 additions, 0 deletions, 1 modification)
2025-01-09 22:51:07 - Commencing graceful shutdown. Waiting for active requests to complete
2025-01-09 22:51:07 - Pausing ProtocolHandler ["http-nio-8080"]
2025-01-09 22:51:07 - Graceful shutdown complete
2025-01-09 22:51:07 - Stopping ProtocolHandler ["http-nio-8080"]
2025-01-09 22:51:07 - Closing JPA EntityManagerFactory for persistence unit 'default'
2025-01-09 22:51:07 - HikariPool-1 - Shutdown initiated...
2025-01-09 22:51:07 - HikariPool-1 - Shutdown completed.
2025-01-09 22:51:07 - Starting the application...
2025-01-09 22:51:07 - Starting Application using Java 21.0.5 with PID 2287210 (/home/hoang/oop_java/demo-shopping-application/target/classes started by hoang in /home/hoang/oop_java/demo-shopping-application)
2025-01-09 22:51:07 - No active profile set, falling back to 1 default profile: "default"
2025-01-09 22:51:08 - Bootstrapping Spring Data JPA repositories in DEFAULT mode.
2025-01-09 22:51:08 - Finished Spring Data repository scanning in 18 ms. Found 7 JPA repository interfaces.
2025-01-09 22:51:08 - Tomcat initialized with port 8080 (http)
2025-01-09 22:51:08 - Initializing ProtocolHandler ["http-nio-8080"]
2025-01-09 22:51:08 - Starting service [Tomcat]
2025-01-09 22:51:08 - Starting Servlet engine: [Apache Tomcat/10.1.34]
2025-01-09 22:51:08 - Initializing Spring embedded WebApplicationContext
2025-01-09 22:51:08 - Root WebApplicationContext: initialization completed in 321 ms
2025-01-09 22:51:08 - HHH000204: Processing PersistenceUnitInfo [name: default]
2025-01-09 22:51:08 - HHH000026: Second-level cache disabled
2025-01-09 22:51:08 - No LoadTimeWeaver setup: ignoring JPA class transformer
2025-01-09 22:51:08 - HikariPool-2 - Starting...
2025-01-09 22:51:08 - HikariPool-2 - Added connection com.mysql.cj.jdbc.ConnectionImpl@7df76430
2025-01-09 22:51:08 - HikariPool-2 - Start completed.
2025-01-09 22:51:08 - HHH10001005: Database info:
	Database JDBC URL [Connecting through datasource 'HikariDataSource (HikariPool-2)']
	Database driver: undefined/unknown
	Database version: 8.0.40
	Autocommit mode: undefined/unknown
	Isolation level: undefined/unknown
	Minimum pool size: undefined/unknown
	Maximum pool size: undefined/unknown
2025-01-09 22:51:08 - HHH000489: No JTA platform available (set 'hibernate.transaction.jta.platform' to enable JTA platform integration)
2025-01-09 22:51:08 - Initialized JPA EntityManagerFactory for persistence unit 'default'
2025-01-09 22:51:08 - Adding welcome page: class path resource [static/index.html]
2025-01-09 22:51:08 - LiveReload server is running on port 35729
2025-01-09 22:51:08 - Starting ProtocolHandler ["http-nio-8080"]
2025-01-09 22:51:08 - Tomcat started on port 8080 (http) with context path '/'
2025-01-09 22:51:08 - Started Application in 0.855 seconds (process running for 378.677)
2025-01-09 22:51:08 - Condition evaluation unchanged
2025-01-09 22:51:08 - Application started successfully.
2025-01-09 22:51:40 - Restarting due to 1 class path change (0 additions, 0 deletions, 1 modification)
2025-01-09 22:51:40 - Commencing graceful shutdown. Waiting for active requests to complete
2025-01-09 22:51:40 - Pausing ProtocolHandler ["http-nio-8080"]
2025-01-09 22:51:40 - Graceful shutdown complete
2025-01-09 22:51:40 - Stopping ProtocolHandler ["http-nio-8080"]
2025-01-09 22:51:40 - Closing JPA EntityManagerFactory for persistence unit 'default'
2025-01-09 22:51:40 - HikariPool-2 - Shutdown initiated...
2025-01-09 22:51:40 - HikariPool-2 - Shutdown completed.
2025-01-09 22:51:40 - Starting the application...
